Unity Editor version:    2022.2.21f1 (4907324dc95b)
Branch:                  2022.2/staging
Build type:              Release
Batch mode:              YES
macOS version:           Version 14.3 (Build 23D56)
Darwin version:          23.3.0
Architecture:            arm64
Running under Rosetta:   NO
Available memory:        36864 MB
Using pre-set license
Pro License: YES

COMMAND LINE ARGUMENTS:
/Applications/Unity/Hub/Editor/2022.2.21f1/Unity.app/Contents/MacOS/Unity
-adb2
-batchMode
-noUpm
-name
AssetImportWorker0
-projectPath
/Users/bytedance/WorkProject/Notes/Level-Up-Your-Code-with-Game-Programming-Patterns
-logFile
Logs/AssetImportWorker0.log
-srvPort
59165
Successfully changed project path to: /Users/bytedance/WorkProject/Notes/Level-Up-Your-Code-with-Game-Programming-Patterns
/Users/bytedance/WorkProject/Notes/Level-Up-Your-Code-with-Game-Programming-Patterns
[UnityMemory] Configuration Parameters - Can be set up in boot.config
    "memorysetup-bucket-allocator-granularity=16"
    "memorysetup-bucket-allocator-bucket-count=8"
    "memorysetup-bucket-allocator-block-size=33554432"
    "memorysetup-bucket-allocator-block-count=8"
    "memorysetup-main-allocator-block-size=16777216"
    "memorysetup-thread-allocator-block-size=16777216"
    "memorysetup-gfx-main-allocator-block-size=16777216"
    "memorysetup-gfx-thread-allocator-block-size=16777216"
    "memorysetup-cache-allocator-block-size=4194304"
    "memorysetup-typetree-allocator-block-size=2097152"
    "memorysetup-profiler-bucket-allocator-granularity=16"
    "memorysetup-profiler-bucket-allocator-bucket-count=8"
    "memorysetup-profiler-bucket-allocator-block-size=33554432"
    "memorysetup-profiler-bucket-allocator-block-count=8"
    "memorysetup-profiler-allocator-block-size=16777216"
    "memorysetup-profiler-editor-allocator-block-size=1048576"
    "memorysetup-temp-allocator-size-main=16777216"
    "memorysetup-job-temp-allocator-block-size=2097152"
    "memorysetup-job-temp-allocator-block-size-background=1048576"
    "memorysetup-job-temp-allocator-reduction-small-platforms=262144"
    "memorysetup-allocator-temp-initial-block-size-main=262144"
    "memorysetup-allocator-temp-initial-block-size-worker=262144"
    "memorysetup-temp-allocator-size-background-worker=32768"
    "memorysetup-temp-allocator-size-job-worker=262144"
    "memorysetup-temp-allocator-size-preload-manager=33554432"
    "memorysetup-temp-allocator-size-nav-mesh-worker=65536"
    "memorysetup-temp-allocator-size-audio-worker=65536"
    "memorysetup-temp-allocator-size-cloud-worker=32768"
    "memorysetup-temp-allocator-size-gi-baking-worker=262144"
    "memorysetup-temp-allocator-size-gfx=262144"
Player connection [8123538496] Host "[IP] 192.168.31.12 [Port] 0 [Flags] 2 [Guid] 1655669963 [EditorId] 1655669963 [Version] 1048832 [Id] OSXEditor(0,DDGWVT4JQQ) [Debug] 1 [PackageName] OSXEditor [ProjectName] Editor" joined multi-casting on [225.0.0.222:54997]...

Player connection [8123538496] Host "[IP] 192.168.31.12 [Port] 0 [Flags] 2 [Guid] 1655669963 [EditorId] 1655669963 [Version] 1048832 [Id] OSXEditor(0,DDGWVT4JQQ) [Debug] 1 [PackageName] OSXEditor [ProjectName] Editor" joined alternative multi-casting on [225.0.0.222:34997]...

Refreshing native plugins compatible for Editor in 3.88 ms, found 2 plugins.
Preloading 0 native plugins for Editor in 0.00 ms.
Initialize engine version: 2022.2.21f1 (4907324dc95b)
[Subsystems] Discovering subsystems at path /Applications/Unity/Hub/Editor/2022.2.21f1/Unity.app/Contents/Resources/UnitySubsystems
[Subsystems] Discovering subsystems at path /Users/bytedance/WorkProject/Notes/Level-Up-Your-Code-with-Game-Programming-Patterns/Assets
GfxDevice: creating device client; threaded=0; jobified=0
 preferred device: Apple M3 Pro (high power)
Metal devices available: 1
0: Apple M3 Pro (high power)
Using device Apple M3 Pro (high power)
Initializing Metal device caps: Apple M3 Pro
Initialize mono
Mono path[0] = '/Applications/Unity/Hub/Editor/2022.2.21f1/Unity.app/Contents/Managed'
Mono path[1] = '/Applications/Unity/Hub/Editor/2022.2.21f1/Unity.app/Contents/MonoBleedingEdge/lib/mono/unityjit-macos'
Mono config path = '/Applications/Unity/Hub/Editor/2022.2.21f1/Unity.app/Contents/MonoBleedingEdge/etc'
Using monoOptions --debugger-agent=transport=dt_socket,embedding=1,server=y,suspend=n,address=127.0.0.1:56987
Begin MonoManager ReloadAssembly
Registering precompiled unity dll's ...
Register platform support module: /Applications/Unity/Hub/Editor/2022.2.21f1/Unity.app/Contents/PlaybackEngines/MacStandaloneSupport/UnityEditor.OSXStandalone.Extensions.dll
Registered in 0.000752 seconds.
- Loaded All Assemblies, in  0.167 seconds
Native extension for OSXStandalone target not found
Mono: successfully reloaded assembly
- Finished resetting the current domain, in  0.124 seconds
Domain Reload Profiling:
	ReloadAssembly (96ms)
		BeginReloadAssembly (47ms)
			ExecutionOrderSort (0ms)
			DisableScriptedObjects (0ms)
			BackupInstance (0ms)
			ReleaseScriptingObjects (0ms)
			CreateAndSetChildDomain (0ms)
		LoadAllAssembliesAndSetupDomain (0ms)
			LoadAssemblies (47ms)
			RebuildTransferFunctionScriptingTraits (0ms)
			SetupTypeCache (69ms)
				TypeCache.Initialize (69ms)
					TypeCache.ScanAssembly (68ms)
				ResolveRequiredComponents (0ms)
		FinalizeReload (0ms)
			ReleaseScriptCaches (0ms)
			RebuildScriptCaches (0ms)
			SetupLoadedEditorAssemblies (93ms)
				LogAssemblyErrors (0ms)
				InitializePlatformSupportModulesInManaged (3ms)
				SetLoadedEditorAssemblies (4ms)
				RefreshPlugins (0ms)
				BeforeProcessingInitializeOnLoad (0ms)
				ProcessInitializeOnLoadAttributes (64ms)
				ProcessInitializeOnLoadMethodAttributes (22ms)
				AfterProcessingInitializeOnLoad (0ms)
				EditorAssembliesLoaded (0ms)
			ExecutionOrderSort2 (0ms)
			AwakeInstancesAfterBackupRestoration (0ms)
========================================================================
Worker process is ready to serve import requests
Begin MonoManager ReloadAssembly
Symbol file LoadedFromMemory doesn't match image /Users/bytedance/WorkProject/Notes/Level-Up-Your-Code-with-Game-Programming-Patterns/Library/PackageCache/com.unity.visualscripting@1.8.0/Editor/VisualScripting.Core/Dependencies/YamlDotNet/Unity.VisualScripting.YamlDotNet.dll
Symbol file LoadedFromMemory doesn't match image /Users/bytedance/WorkProject/Notes/Level-Up-Your-Code-with-Game-Programming-Patterns/Library/PackageCache/com.unity.visualscripting@1.8.0/Editor/VisualScripting.Core/Dependencies/DotNetZip/Unity.VisualScripting.IonicZip.dll
- Loaded All Assemblies, in  0.386 seconds
Refreshing native plugins compatible for Editor in 2.20 ms, found 2 plugins.
Native extension for OSXStandalone target not found
Mono: successfully reloaded assembly
- Finished resetting the current domain, in  0.291 seconds
Domain Reload Profiling:
	ReloadAssembly (109ms)
		BeginReloadAssembly (63ms)
			ExecutionOrderSort (0ms)
			DisableScriptedObjects (2ms)
			BackupInstance (0ms)
			ReleaseScriptingObjects (0ms)
			CreateAndSetChildDomain (15ms)
		LoadAllAssembliesAndSetupDomain (278ms)
			LoadAssemblies (150ms)
			RebuildTransferFunctionScriptingTraits (0ms)
			SetupTypeCache (157ms)
				TypeCache.Initialize (149ms)
					TypeCache.ScanAssembly (148ms)
				ResolveRequiredComponents (2ms)
		FinalizeReload (0ms)
			ReleaseScriptCaches (0ms)
			RebuildScriptCaches (0ms)
			SetupLoadedEditorAssemblies (218ms)
				LogAssemblyErrors (0ms)
				InitializePlatformSupportModulesInManaged (2ms)
				SetLoadedEditorAssemblies (2ms)
				RefreshPlugins (0ms)
				BeforeProcessingInitializeOnLoad (24ms)
				ProcessInitializeOnLoadAttributes (180ms)
				ProcessInitializeOnLoadMethodAttributes (8ms)
				AfterProcessingInitializeOnLoad (1ms)
				EditorAssembliesLoaded (0ms)
			ExecutionOrderSort2 (0ms)
			AwakeInstancesAfterBackupRestoration (2ms)
Launching external process: /Applications/Unity/Hub/Editor/2022.2.21f1/Unity.app/Contents/Tools/UnityShaderCompiler
Launched and connected shader compiler UnityShaderCompiler after 0.04 seconds
Refreshing native plugins compatible for Editor in 1.40 ms, found 2 plugins.
Preloading 0 native plugins for Editor in 0.00 ms.
Unloading 3100 Unused Serialized files (Serialized files now loaded: 0)
Unloading 32 unused Assets / (50.4 KB). Loaded Objects now: 3564.
Memory consumption went from 118.6 MB to 118.5 MB.
Total: 2.249375 ms (FindLiveObjects: 0.108542 ms CreateObjectMapping: 0.030833 ms MarkObjects: 2.052125 ms  DeleteObjects: 0.057375 ms)

AssetImportParameters requested are different than current active one (requested -> active):
  custom:container-demuxer-ogg: 62fdf1f143b41e24485cea50d1cbac27 -> 
  custom:video-decoder-ogg-theora: a1e56fd34408186e4bbccfd4996cb3dc -> 
  custom:container-demuxer-webm: 4f35f7cbe854078d1ac9338744f61a02 -> 
  custom:container-muxer-webm: aa71ff27fc2769a1b78a27578f13a17b -> 
  custom:video-decoder-webm-vp8: 9c59270c3fd7afecdb556c50c9e8de78 -> 
  custom:AudioImporter_EditorPlatform: 3918e3fc78b5a79bad01e8451be0beb8 -> 
  custom:framework-osx-AVFoundation: e770b220cccbd017edd2c1fefb359320 -> 
  custom:video-encoder-webm-vp8: eb34c28f22e8b96e1ab97ce403110664 -> 
  custom:audio-decoder-ogg-vorbis: bf7c407c2cedff20999df2af8eb42d56 -> 
  custom:audio-encoder-webm-vorbis: bf7c407c2cedff20999df2af8eb42d56 -> 
========================================================================
Received Import Request.
  Time since last request: 205757.991930 seconds.
  path: Assets/CreatePatterns
  artifactKey: Guid(4d9804c0074014535b7fc0a66a885967) Importer(815301076,1909f56bfc062723c751e8b465ee728b)
Start importing Assets/CreatePatterns using Guid(4d9804c0074014535b7fc0a66a885967) Importer(815301076,1909f56bfc062723c751e8b465ee728b)  -> (artifact id: '6660becf55088750b3f8fbc6b188a719') in 0.001318 seconds
Number of updated asset objects reloaded before import = 0
Number of asset objects unloaded after import = 0
========================================================================
Received Import Request.
  Time since last request: 13.676138 seconds.
  path: Assets/CreatePatterns/FactoryPattern
  artifactKey: Guid(b74e76d683f794e86a58492a6f09ba92) Importer(815301076,1909f56bfc062723c751e8b465ee728b)
Start importing Assets/CreatePatterns/FactoryPattern using Guid(b74e76d683f794e86a58492a6f09ba92) Importer(815301076,1909f56bfc062723c751e8b465ee728b)  -> (artifact id: '5bfd8ecbb6d21043255223b151f3fa5a') in 0.000410 seconds
Number of updated asset objects reloaded before import = 0
Number of asset objects unloaded after import = 0
========================================================================
Received Import Request.
  Time since last request: 677.154596 seconds.
  path: Assets/CreatePatterns/FactoryPattern/FactorPattern.unity
  artifactKey: Guid(48aeee3f430444c048ed9decb1662153) Importer(815301076,1909f56bfc062723c751e8b465ee728b)
Start importing Assets/CreatePatterns/FactoryPattern/FactorPattern.unity using Guid(48aeee3f430444c048ed9decb1662153) Importer(815301076,1909f56bfc062723c751e8b465ee728b)  -> (artifact id: '2e16ee1c5d93080f79c69309a8445bff') in 0.000674 seconds
Number of updated asset objects reloaded before import = 0
Number of asset objects unloaded after import = 0
========================================================================
Received Import Request.
  Time since last request: 4.527157 seconds.
  path: Assets/CreatePatterns/FactoryPattern/FactoryPattern.unity
  artifactKey: Guid(48aeee3f430444c048ed9decb1662153) Importer(815301076,1909f56bfc062723c751e8b465ee728b)
Start importing Assets/CreatePatterns/FactoryPattern/FactoryPattern.unity using Guid(48aeee3f430444c048ed9decb1662153) Importer(815301076,1909f56bfc062723c751e8b465ee728b)  -> (artifact id: '45641ab11e4f1e1abfe21149f531004a') in 0.000288 seconds
Number of updated asset objects reloaded before import = 0
Number of asset objects unloaded after import = 0
========================================================================
Received Import Request.
  Time since last request: 12.870489 seconds.
  path: Assets/CreatePatterns/FactoryPattern/FactoryPattern.cs
  artifactKey: Guid(d03928ae4be194b348c251ed0765da3c) Importer(815301076,1909f56bfc062723c751e8b465ee728b)
Start importing Assets/CreatePatterns/FactoryPattern/FactoryPattern.cs using Guid(d03928ae4be194b348c251ed0765da3c) Importer(815301076,1909f56bfc062723c751e8b465ee728b)  -> (artifact id: 'c7d4685b37bae19020720338060a1478') in 0.000663 seconds
Number of updated asset objects reloaded before import = 0
Number of asset objects unloaded after import = 0
========================================================================
Received Prepare
Begin MonoManager ReloadAssembly
Thread 0x2a3487000 may have been prematurely finalized
Symbol file LoadedFromMemory doesn't match image /Users/bytedance/WorkProject/Notes/Level-Up-Your-Code-with-Game-Programming-Patterns/Library/PackageCache/com.unity.visualscripting@1.8.0/Editor/VisualScripting.Core/Dependencies/YamlDotNet/Unity.VisualScripting.YamlDotNet.dll
Symbol file LoadedFromMemory doesn't match image /Users/bytedance/WorkProject/Notes/Level-Up-Your-Code-with-Game-Programming-Patterns/Library/PackageCache/com.unity.visualscripting@1.8.0/Editor/VisualScripting.Core/Dependencies/DotNetZip/Unity.VisualScripting.IonicZip.dll
- Loaded All Assemblies, in  0.447 seconds
Refreshing native plugins compatible for Editor in 2.27 ms, found 2 plugins.
Native extension for OSXStandalone target not found
Mono: successfully reloaded assembly
- Finished resetting the current domain, in  0.653 seconds
Domain Reload Profiling:
	ReloadAssembly (124ms)
		BeginReloadAssembly (86ms)
			ExecutionOrderSort (0ms)
			DisableScriptedObjects (2ms)
			BackupInstance (0ms)
			ReleaseScriptingObjects (0ms)
			CreateAndSetChildDomain (26ms)
		LoadAllAssembliesAndSetupDomain (323ms)
			LoadAssemblies (205ms)
			RebuildTransferFunctionScriptingTraits (0ms)
			SetupTypeCache (155ms)
				TypeCache.Initialize (152ms)
					TypeCache.ScanAssembly (149ms)
				ResolveRequiredComponents (2ms)
		FinalizeReload (0ms)
			ReleaseScriptCaches (0ms)
			RebuildScriptCaches (0ms)
			SetupLoadedEditorAssemblies (206ms)
				LogAssemblyErrors (0ms)
				InitializePlatformSupportModulesInManaged (3ms)
				SetLoadedEditorAssemblies (2ms)
				RefreshPlugins (0ms)
				BeforeProcessingInitializeOnLoad (26ms)
				ProcessInitializeOnLoadAttributes (164ms)
				ProcessInitializeOnLoadMethodAttributes (10ms)
				AfterProcessingInitializeOnLoad (1ms)
				EditorAssembliesLoaded (0ms)
			ExecutionOrderSort2 (0ms)
			AwakeInstancesAfterBackupRestoration (2ms)
Refreshing native plugins compatible for Editor in 1.04 ms, found 2 plugins.
Preloading 0 native plugins for Editor in 0.00 ms.
Unloading 3093 Unused Serialized files (Serialized files now loaded: 0)
Unloading 23 unused Assets / (30.5 KB). Loaded Objects now: 3568.
Memory consumption went from 122.3 MB to 122.3 MB.
Total: 2.105917 ms (FindLiveObjects: 0.107417 ms CreateObjectMapping: 0.029791 ms MarkObjects: 1.936584 ms  DeleteObjects: 0.031583 ms)

Prepare: number of updated asset objects reloaded= 0
AssetImportParameters requested are different than current active one (requested -> active):
  custom:container-demuxer-ogg: 62fdf1f143b41e24485cea50d1cbac27 -> 
  custom:video-decoder-ogg-theora: a1e56fd34408186e4bbccfd4996cb3dc -> 
  custom:container-demuxer-webm: 4f35f7cbe854078d1ac9338744f61a02 -> 
  custom:container-muxer-webm: aa71ff27fc2769a1b78a27578f13a17b -> 
  custom:video-decoder-webm-vp8: 9c59270c3fd7afecdb556c50c9e8de78 -> 
  custom:AudioImporter_EditorPlatform: 3918e3fc78b5a79bad01e8451be0beb8 -> 
  custom:framework-osx-AVFoundation: e770b220cccbd017edd2c1fefb359320 -> 
  custom:video-encoder-webm-vp8: eb34c28f22e8b96e1ab97ce403110664 -> 
  custom:audio-decoder-ogg-vorbis: bf7c407c2cedff20999df2af8eb42d56 -> 
  custom:audio-encoder-webm-vorbis: bf7c407c2cedff20999df2af8eb42d56 -> 
========================================================================
Received Import Request.
  Time since last request: 4.813191 seconds.
  path: Assets/CreatePatterns/FactoryPattern/FactoryPattern.cs
  artifactKey: Guid(d03928ae4be194b348c251ed0765da3c) Importer(815301076,1909f56bfc062723c751e8b465ee728b)
Start importing Assets/CreatePatterns/FactoryPattern/FactoryPattern.cs using Guid(d03928ae4be194b348c251ed0765da3c) Importer(815301076,1909f56bfc062723c751e8b465ee728b)  -> (artifact id: 'cc467e9af6380bb76b212b06d53e6776') in 0.000833 seconds
Number of updated asset objects reloaded before import = 0
Number of asset objects unloaded after import = 0
========================================================================
Received Import Request.
  Time since last request: 118.045079 seconds.
  path: Assets/Scenes/SampleScene.unity
  artifactKey: Guid(9fc0d4010bbf28b4594072e72b8655ab) Importer(2089858483,0ecaa5967403d082aa24f35e1b516d23)
Start importing Assets/Scenes/SampleScene.unity using Guid(9fc0d4010bbf28b4594072e72b8655ab) Importer(2089858483,0ecaa5967403d082aa24f35e1b516d23)  -> (artifact id: '676cad372a551720b44badc0679c4dba') in 0.032540 seconds
Number of updated asset objects reloaded before import = 0
Number of asset objects unloaded after import = 1
========================================================================
Received Import Request.
  Time since last request: 0.000098 seconds.
  path: Assets/TheSolidPrinciple/Interface-segregation Principle/ISP.unity
  artifactKey: Guid(e63e03c8d0304f74ea101d32a50dfcd3) Importer(2089858483,0ecaa5967403d082aa24f35e1b516d23)
Start importing Assets/TheSolidPrinciple/Interface-segregation Principle/ISP.unity using Guid(e63e03c8d0304f74ea101d32a50dfcd3) Importer(2089858483,0ecaa5967403d082aa24f35e1b516d23)  -> (artifact id: 'd1cc0f914d5abb570eda3bd562d359a9') in 0.001789 seconds
Number of updated asset objects reloaded before import = 0
Number of asset objects unloaded after import = 1
========================================================================
Received Import Request.
  Time since last request: 0.000185 seconds.
  path: Assets/TheSolidPrinciple/Open-closed Principle/OCP.unity
  artifactKey: Guid(92cf34eb22302d249ac5913bd4cc90f7) Importer(2089858483,0ecaa5967403d082aa24f35e1b516d23)
Start importing Assets/TheSolidPrinciple/Open-closed Principle/OCP.unity using Guid(92cf34eb22302d249ac5913bd4cc90f7) Importer(2089858483,0ecaa5967403d082aa24f35e1b516d23)  -> (artifact id: '100d65c1cd014e28a6c595c24e74d034') in 0.002774 seconds
Number of updated asset objects reloaded before import = 0
Number of asset objects unloaded after import = 1
========================================================================
Received Import Request.
  Time since last request: 0.000240 seconds.
  path: Assets/TheSolidPrinciple/Open-closed Principle/UnrefactoredAreaCalculator.cs
  artifactKey: Guid(50a746693c9216644843a766e1363b34) Importer(2089858483,0ecaa5967403d082aa24f35e1b516d23)
Start importing Assets/TheSolidPrinciple/Open-closed Principle/UnrefactoredAreaCalculator.cs using Guid(50a746693c9216644843a766e1363b34) Importer(2089858483,0ecaa5967403d082aa24f35e1b516d23)  -> (artifact id: '75ab448e769abf77049bee06743cea26') in 0.013522 seconds
Number of updated asset objects reloaded before import = 0
Number of asset objects unloaded after import = 1
========================================================================
Received Import Request.
  Time since last request: 0.000116 seconds.
  path: Assets/TheSolidPrinciple/Dependency-inversion Principle/DIPRefactoredSwitch.cs
  artifactKey: Guid(818b4c0b612f53a48a1452c24d4bcb05) Importer(2089858483,0ecaa5967403d082aa24f35e1b516d23)
Start importing Assets/TheSolidPrinciple/Dependency-inversion Principle/DIPRefactoredSwitch.cs using Guid(818b4c0b612f53a48a1452c24d4bcb05) Importer(2089858483,0ecaa5967403d082aa24f35e1b516d23)  -> (artifact id: 'aadb7d14555d628c27cb3b576390a059') in 0.004001 seconds
Number of updated asset objects reloaded before import = 0
Number of asset objects unloaded after import = 1
========================================================================
Received Import Request.
  Time since last request: 0.000190 seconds.
  path: Assets/TheSolidPrinciple/Open-closed Principle/OCPRefactoredAreaCalculator.cs
  artifactKey: Guid(5fd5a91fa97ca9044bec25e65479b34b) Importer(2089858483,0ecaa5967403d082aa24f35e1b516d23)
Start importing Assets/TheSolidPrinciple/Open-closed Principle/OCPRefactoredAreaCalculator.cs using Guid(5fd5a91fa97ca9044bec25e65479b34b) Importer(2089858483,0ecaa5967403d082aa24f35e1b516d23)  -> (artifact id: '520334f99cf3026f017d1d130df67f90') in 0.003291 seconds
Number of updated asset objects reloaded before import = 0
Number of asset objects unloaded after import = 1
========================================================================
Received Import Request.
  Time since last request: 0.000157 seconds.
  path: Assets/TheSolidPrinciple/Lisvok-substitution principle/UnrefactoredVehicle.cs
  artifactKey: Guid(d4255929cfcd03a49bf7462c29ac41e3) Importer(2089858483,0ecaa5967403d082aa24f35e1b516d23)
Start importing Assets/TheSolidPrinciple/Lisvok-substitution principle/UnrefactoredVehicle.cs using Guid(d4255929cfcd03a49bf7462c29ac41e3) Importer(2089858483,0ecaa5967403d082aa24f35e1b516d23)  -> (artifact id: 'e7067199e16cb1de5638b353adeca591') in 0.003583 seconds
Number of updated asset objects reloaded before import = 0
Number of asset objects unloaded after import = 1
========================================================================
Received Import Request.
  Time since last request: 0.000438 seconds.
  path: Assets/TheSolidPrinciple/Interface-segregation Principle/LSPRefactoredUnitStats.cs
  artifactKey: Guid(bdc16e5fdf820dc43b6b07de472388b1) Importer(2089858483,0ecaa5967403d082aa24f35e1b516d23)
Start importing Assets/TheSolidPrinciple/Interface-segregation Principle/LSPRefactoredUnitStats.cs using Guid(bdc16e5fdf820dc43b6b07de472388b1) Importer(2089858483,0ecaa5967403d082aa24f35e1b516d23)  -> (artifact id: '4e427f7687b8099a18f8797c9b0111ae') in 0.003112 seconds
Number of updated asset objects reloaded before import = 0
Number of asset objects unloaded after import = 1
========================================================================
Received Import Request.
  Time since last request: 0.000235 seconds.
  path: Assets/TheSolidPrinciple/Lisvok-substitution principle/LSPRefactoredVehicle.cs
  artifactKey: Guid(6490d34f265c9004792a9071312b5726) Importer(2089858483,0ecaa5967403d082aa24f35e1b516d23)
Start importing Assets/TheSolidPrinciple/Lisvok-substitution principle/LSPRefactoredVehicle.cs using Guid(6490d34f265c9004792a9071312b5726) Importer(2089858483,0ecaa5967403d082aa24f35e1b516d23)  -> (artifact id: '7fdbe595d851a1615e52cedb4b27ab30') in 0.003841 seconds
Number of updated asset objects reloaded before import = 0
Number of asset objects unloaded after import = 1
Editor requested this worker to shutdown with reason: Scaling down because of idle timeout
TcpMessagingSession - receive error: operation aborted. errorcode: 89, details: Operation aborted.
AssetImportWorker is now disconnected from the server
Process exiting
